system   D d:\Libraries\build\allegro\src\allegro-git\allegro-git\src\win\wsystem.c:633  _al_win_safe_load_library        [   0.00137] PathFindOnPath found: C:\WINDOWS\system32\d3d9.dll
system   D d:\Libraries\build\allegro\src\allegro-git\allegro-git\src\win\wsystem.c:544  load_library_at_path             [   0.00151] Calling LoadLibrary C:\WINDOWS\system32\d3d9.dll
system   I d:\Libraries\build\allegro\src\allegro-git\allegro-git\src\win\wsystem.c:547  load_library_at_path             [   0.00500] Loaded C:\WINDOWS\system32\d3d9.dll
d3d      I d:\Libraries\build\allegro\src\allegro-git\allegro-git\src\win\d3d_disp.cpp:696  _al_d3d_init_display             [   0.04003] Render-to-texture: 1
system   I d:\Libraries\build\allegro\src\allegro-git\allegro-git\src\system.c:252  al_install_system                [   0.04008] Allegro version: 5.0.10
d3d      I d:\Libraries\build\allegro\src\allegro-git\allegro-git\src\win\d3d_disp.cpp:1737 d3d_create_display_locked        [   0.04255] faux_fullscreen=0
d3d      D d:\Libraries\build\allegro\src\allegro-git\allegro-git\src\win\d3d_disp.cpp:1738 d3d_create_display_locked        [   0.04258] al_display=0074C160
d3d      D d:\Libraries\build\allegro\src\allegro-git\allegro-git\src\win\d3d_disp.cpp:1739 d3d_create_display_locked        [   0.04260] al_display->vt=0074C0D0
d3d      I d:\Libraries\build\allegro\src\allegro-git\allegro-git\src\win\d3d_display_formats.cpp:144  _al_d3d_generate_display_format_list [   0.05556] found 64 format combinations
display  D d:\Libraries\build\allegro\src\allegro-git\allegro-git\src\display_settings.c:191  debug_display_settings           [   0.05560] color: 32 (rgba 8880), depth: 0, stencil: 0, acc: 0000, samples: 0/0
display  D d:\Libraries\build\allegro\src\allegro-git\allegro-git\src\display_settings.c:506  _al_score_display_settings       [   0.05563] Score is : 897
display  D d:\Libraries\build\allegro\src\allegro-git\allegro-git\src\display_settings.c:191  debug_display_settings           [   0.05564] color: 32 (rgba 8880), depth: 0, stencil: 0, acc: 0000, samples: 0/0
display  D d:\Libraries\build\allegro\src\allegro-git\allegro-git\src\display_settings.c:506  _al_score_display_settings       [   0.05566] Score is : 897
display  D d:\Libraries\build\allegro\src\allegro-git\allegro-git\src\display_settings.c:191  debug_display_settings           [   0.05568] color: 32 (rgba 8880), depth: 24, stencil: 8, acc: 0000, samples: 0/0
display  D d:\Libraries\build\allegro\src\allegro-git\allegro-git\src\display_settings.c:506  _al_score_display_settings       [   0.05570] Score is : 897
display  D d:\Libraries\build\allegro\src\allegro-git\allegro-git\src\display_settings.c:191  debug_display_settings           [   0.05571] color: 32 (rgba 8880), depth: 24, stencil: 8, acc: 0000, samples: 0/0
display  D d:\Libraries\build\allegro\src\allegro-git\allegro-git\src\display_settings.c:506  _al_score_display_settings       [   0.05573] Score is : 897
display  D d:\Libraries\build\allegro\src\allegro-git\allegro-git\src\display_settings.c:191  debug_display_settings           [   0.05575] color: 32 (rgba 8880), depth: 24, stencil: 0, acc: 0000, samples: 0/0
display  D d:\Libraries\build\allegro\src\allegro-git\allegro-git\src\display_settings.c:506  _al_score_display_settings       [   0.05577] Score is : 897
display  D d:\Libraries\build\allegro\src\allegro-git\allegro-git\src\display_settings.c:191  debug_display_settings           [   0.05578] color: 32 (rgba 8880), depth: 24, stencil: 0, acc: 0000, samples: 0/0
display  D d:\Libraries\build\allegro\src\allegro-git\allegro-git\src\display_settings.c:506  _al_score_display_settings       [   0.05580] Score is : 897
display  D d:\Libraries\build\allegro\src\allegro-git\allegro-git\src\display_settings.c:191  debug_display_settings           [   0.05582] color: 32 (rgba 8880), depth: 16, stencil: 0, acc: 0000, samples: 0/0
display  D d:\Libraries\build\allegro\src\allegro-git\allegro-git\src\display_settings.c:506  _al_score_display_settings       [   0.05584] Score is : 897
display  D d:\Libraries\build\allegro\src\allegro-git\allegro-git\src\display_settings.c:191  debug_display_settings           [   0.05585] color: 32 (rgba 8880), depth: 16, stencil: 0, acc: 0000, samples: 0/0
display  D d:\Libraries\build\allegro\src\allegro-git\allegro-git\src\display_settings.c:506  _al_score_display_settings       [   0.05596] Score is : 897
display  D d:\Libraries\build\allegro\src\allegro-git\allegro-git\src\display_settings.c:191  debug_display_settings           [   0.05598] color: 16 (rgba 5650), depth: 0, stencil: 0, acc: 0000, samples: 0/0
display  D d:\Libraries\build\allegro\src\allegro-git\allegro-git\src\display_settings.c:506  _al_score_display_settings       [   0.05600] Score is : 897
display  D d:\Libraries\build\allegro\src\allegro-git\allegro-git\src\display_settings.c:191  debug_display_settings           [   0.05601] color: 16 (rgba 5650), depth: 0, stencil: 0, acc: 0000, samples: 0/0
display  D d:\Libraries\build\allegro\src\allegro-git\allegro-git\src\display_settings.c:506  _al_score_display_settings       [   0.05603] Score is : 897
display  D d:\Libraries\build\allegro\src\allegro-git\allegro-git\src\display_settings.c:191  debug_display_settings           [   0.05605] color: 16 (rgba 5650), depth: 24, stencil: 8, acc: 0000, samples: 0/0
display  D d:\Libraries\build\allegro\src\allegro-git\allegro-git\src\display_settings.c:506  _al_score_display_settings       [   0.05607] Score is : 897
display  D d:\Libraries\build\allegro\src\allegro-git\allegro-git\src\display_settings.c:191  debug_display_settings           [   0.05608] color: 16 (rgba 5650), depth: 24, stencil: 8, acc: 0000, samples: 0/0
display  D d:\Libraries\build\allegro\src\allegro-git\allegro-git\src\display_settings.c:506  _al_score_display_settings       [   0.05610] Score is : 897
display  D d:\Libraries\build\allegro\src\allegro-git\allegro-git\src\display_settings.c:191  debug_display_settings           [   0.05612] color: 16 (rgba 5650), depth: 24, stencil: 0, acc: 0000, samples: 0/0
display  D d:\Libraries\build\allegro\src\allegro-git\allegro-git\src\display_settings.c:506  _al_score_display_settings       [   0.05614] Score is : 897
display  D d:\Libraries\build\allegro\src\allegro-git\allegro-git\src\display_settings.c:191  debug_display_settings           [   0.05615] color: 16 (rgba 5650), depth: 24, stencil: 0, acc: 0000, samples: 0/0
display  D d:\Libraries\build\allegro\src\allegro-git\allegro-git\src\display_settings.c:506  _al_score_display_settings       [   0.05617] Score is : 897
display  D d:\Libraries\build\allegro\src\allegro-git\allegro-git\src\display_settings.c:191  debug_display_settings           [   0.05619] color: 16 (rgba 5650), depth: 16, stencil: 0, acc: 0000, samples: 0/0
display  D d:\Libraries\build\allegro\src\allegro-git\allegro-git\src\display_settings.c:506  _al_score_display_settings       [   0.05620] Score is : 897
display  D d:\Libraries\build\allegro\src\allegro-git\allegro-git\src\display_settings.c:191  debug_display_settings           [   0.05622] color: 16 (rgba 5650), depth: 16, stencil: 0, acc: 0000, samples: 0/0
display  D d:\Libraries\build\allegro\src\allegro-git\allegro-git\src\display_settings.c:506  _al_score_display_settings       [   0.05624] Score is : 897
display  D d:\Libraries\build\allegro\src\allegro-git\allegro-git\src\display_settings.c:191  debug_display_settings           [   0.05626] color: 32 (rgba 8880), depth: 0, stencil: 0, acc: 0000, samples: 0/0
display  D d:\Libraries\build\allegro\src\allegro-git\allegro-git\src\display_settings.c:377  _al_score_display_settings       [   0.05627] Single Buffer requirement not met.
display  D d:\Libraries\build\allegro\src\allegro-git\allegro-git\src\display_settings.c:191  debug_display_settings           [   0.05629] color: 32 (rgba 8880), depth: 0, stencil: 0, acc: 0000, samples: 0/0
display  D d:\Libraries\build\allegro\src\allegro-git\allegro-git\src\display_settings.c:377  _al_score_display_settings       [   0.05631] Single Buffer requirement not met.
display  D d:\Libraries\build\allegro\src\allegro-git\allegro-git\src\display_settings.c:191  debug_display_settings           [   0.05632] color: 32 (rgba 8880), depth: 24, stencil: 8, acc: 0000, samples: 0/0
display  D d:\Libraries\build\allegro\src\allegro-git\allegro-git\src\display_settings.c:377  _al_score_display_settings       [   0.05635] Single Buffer requirement not met.
display  D d:\Libraries\build\allegro\src\allegro-git\allegro-git\src\display_settings.c:191  debug_display_settings           [   0.05636] color: 32 (rgba 8880), depth: 24, stencil: 8, acc: 0000, samples: 0/0
display  D d:\Libraries\build\allegro\src\allegro-git\allegro-git\src\display_settings.c:377  _al_score_display_settings       [   0.05638] Single Buffer requirement not met.
display  D d:\Libraries\build\allegro\src\allegro-git\allegro-git\src\display_settings.c:191  debug_display_settings           [   0.05640] color: 32 (rgba 8880), depth: 24, stencil: 0, acc: 0000, samples: 0/0
display  D d:\Libraries\build\allegro\src\allegro-git\allegro-git\src\display_settings.c:377  _al_score_display_settings       [   0.05642] Single Buffer requirement not met.
display  D d:\Libraries\build\allegro\src\allegro-git\allegro-git\src\display_settings.c:191  debug_display_settings           [   0.05643] color: 32 (rgba 8880), depth: 24, stencil: 0, acc: 0000, samples: 0/0
display  D d:\Libraries\build\allegro\src\allegro-git\allegro-git\src\display_settings.c:377  _al_score_display_settings       [   0.05645] Single Buffer requirement not met.
display  D d:\Libraries\build\allegro\src\allegro-git\allegro-git\src\display_settings.c:191  debug_display_settings           [   0.05647] color: 32 (rgba 8880), depth: 16, stencil: 0, acc: 0000, samples: 0/0
display  D d:\Libraries\build\allegro\src\allegro-git\allegro-git\src\display_settings.c:377  _al_score_display_settings       [   0.05649] Single Buffer requirement not met.
display  D d:\Libraries\build\allegro\src\allegro-git\allegro-git\src\display_settings.c:191  debug_display_settings           [   0.05650] color: 32 (rgba 8880), depth: 16, stencil: 0, acc: 0000, samples: 0/0
display  D d:\Libraries\build\allegro\src\allegro-git\allegro-git\src\display_settings.c:377  _al_score_display_settings       [   0.05652] Single Buffer requirement not met.
display  D d:\Libraries\build\allegro\src\allegro-git\allegro-git\src\display_settings.c:191  debug_display_settings           [   0.05654] color: 16 (rgba 5650), depth: 0, stencil: 0, acc: 0000, samples: 0/0
display  D d:\Libraries\build\allegro\src\allegro-git\allegro-git\src\display_settings.c:377  _al_score_display_settings       [   0.05656] Single Buffer requirement not met.
display  D d:\Libraries\build\allegro\src\allegro-git\allegro-git\src\display_settings.c:191  debug_display_settings           [   0.05657] color: 16 (rgba 5650), depth: 0, stencil: 0, acc: 0000, samples: 0/0
display  D d:\Libraries\build\allegro\src\allegro-git\allegro-git\src\display_settings.c:377  _al_score_display_settings       [   0.05659] Single Buffer requirement not met.
display  D d:\Libraries\build\allegro\src\allegro-git\allegro-git\src\display_settings.c:191  debug_display_settings           [   0.05661] color: 16 (rgba 5650), depth: 24, stencil: 8, acc: 0000, samples: 0/0
display  D d:\Libraries\build\allegro\src\allegro-git\allegro-git\src\display_settings.c:377  _al_score_display_settings       [   0.05662] Single Buffer requirement not met.
display  D d:\Libraries\build\allegro\src\allegro-git\allegro-git\src\display_settings.c:191  debug_display_settings           [   0.05664] color: 16 (rgba 5650), depth: 24, stencil: 8, acc: 0000, samples: 0/0
display  D d:\Libraries\build\allegro\src\allegro-git\allegro-git\src\display_settings.c:377  _al_score_display_settings       [   0.05666] Single Buffer requirement not met.
display  D d:\Libraries\build\allegro\src\allegro-git\allegro-git\src\display_settings.c:191  debug_display_settings           [   0.05668] color: 16 (rgba 5650), depth: 24, stencil: 0, acc: 0000, samples: 0/0
display  D d:\Libraries\build\allegro\src\allegro-git\allegro-git\src\display_settings.c:377  _al_score_display_settings       [   0.05669] Single Buffer requirement not met.
display  D d:\Libraries\build\allegro\src\allegro-git\allegro-git\src\display_settings.c:191  debug_display_settings           [   0.05671] color: 16 (rgba 5650), depth: 24, stencil: 0, acc: 0000, samples: 0/0
display  D d:\Libraries\build\allegro\src\allegro-git\allegro-git\src\display_settings.c:377  _al_score_display_settings       [   0.05673] Single Buffer requirement not met.
display  D d:\Libraries\build\allegro\src\allegro-git\allegro-git\src\display_settings.c:191  debug_display_settings           [   0.05675] color: 16 (rgba 5650), depth: 16, stencil: 0, acc: 0000, samples: 0/0
display  D d:\Libraries\build\allegro\src\allegro-git\allegro-git\src\display_settings.c:377  _al_score_display_settings       [   0.05677] Single Buffer requirement not met.
display  D d:\Libraries\build\allegro\src\allegro-git\allegro-git\src\display_settings.c:191  debug_display_settings           [   0.05678] color: 16 (rgba 5650), depth: 16, stencil: 0, acc: 0000, samples: 0/0
display  D d:\Libraries\build\allegro\src\allegro-git\allegro-git\src\display_settings.c:377  _al_score_display_settings       [   0.05680] Single Buffer requirement not met.
display  D d:\Libraries\build\allegro\src\allegro-git\allegro-git\src\display_settings.c:191  debug_display_settings           [   0.05682] color: 32 (rgba 8880), depth: 0, stencil: 0, acc: 0000, samples: 0/0
display  D d:\Libraries\build\allegro\src\allegro-git\allegro-git\src\display_settings.c:506  _al_score_display_settings       [   0.05684] Score is : 769
display  D d:\Libraries\build\allegro\src\allegro-git\allegro-git\src\display_settings.c:191  debug_display_settings           [   0.05685] color: 32 (rgba 8880), depth: 0, stencil: 0, acc: 0000, samples: 0/0
display  D d:\Libraries\build\allegro\src\allegro-git\allegro-git\src\display_settings.c:506  _al_score_display_settings       [   0.05687] Score is : 769
display  D d:\Libraries\build\allegro\src\allegro-git\allegro-git\src\display_settings.c:191  debug_display_settings           [   0.05689] color: 32 (rgba 8880), depth: 24, stencil: 8, acc: 0000, samples: 0/0
display  D d:\Libraries\build\allegro\src\allegro-git\allegro-git\src\display_settings.c:506  _al_score_display_settings       [   0.05691] Score is : 769
display  D d:\Libraries\build\allegro\src\allegro-git\allegro-git\src\display_settings.c:191  debug_display_settings           [   0.05692] color: 32 (rgba 8880), depth: 24, stencil: 8, acc: 0000, samples: 0/0
display  D d:\Libraries\build\allegro\src\allegro-git\allegro-git\src\display_settings.c:506  _al_score_display_settings       [   0.05694] Score is : 769
display  D d:\Libraries\build\allegro\src\allegro-git\allegro-git\src\display_settings.c:191  debug_display_settings           [   0.05696] color: 32 (rgba 8880), depth: 24, stencil: 0, acc: 0000, samples: 0/0
display  D d:\Libraries\build\allegro\src\allegro-git\allegro-git\src\display_settings.c:506  _al_score_display_settings       [   0.05698] Score is : 769
display  D d:\Libraries\build\allegro\src\allegro-git\allegro-git\src\display_settings.c:191  debug_display_settings           [   0.05699] color: 32 (rgba 8880), depth: 24, stencil: 0, acc: 0000, samples: 0/0
display  D d:\Libraries\build\allegro\src\allegro-git\allegro-git\src\display_settings.c:506  _al_score_display_settings       [   0.05702] Score is : 769
display  D d:\Libraries\build\allegro\src\allegro-git\allegro-git\src\display_settings.c:191  debug_display_settings           [   0.05705] color: 32 (rgba 8880), depth: 16, stencil: 0, acc: 0000, samples: 0/0
display  D d:\Libraries\build\allegro\src\allegro-git\allegro-git\src\display_settings.c:506  _al_score_display_settings       [   0.05707] Score is : 769
display  D d:\Libraries\build\allegro\src\allegro-git\allegro-git\src\display_settings.c:191  debug_display_settings           [   0.05709] color: 32 (rgba 8880), depth: 16, stencil: 0, acc: 0000, samples: 0/0
display  D d:\Libraries\build\allegro\src\allegro-git\allegro-git\src\display_settings.c:506  _al_score_display_settings       [   0.05710] Score is : 769
display  D d:\Libraries\build\allegro\src\allegro-git\allegro-git\src\display_settings.c:191  debug_display_settings           [   0.05716] color: 16 (rgba 5650), depth: 0, stencil: 0, acc: 0000, samples: 0/0
display  D d:\Libraries\build\allegro\src\allegro-git\allegro-git\src\display_settings.c:506  _al_score_display_settings       [   0.05718] Score is : 769
display  D d:\Libraries\build\allegro\src\allegro-git\allegro-git\src\display_settings.c:191  debug_display_settings           [   0.05720] color: 16 (rgba 5650), depth: 0, stencil: 0, acc: 0000, samples: 0/0
display  D d:\Libraries\build\allegro\src\allegro-git\allegro-git\src\display_settings.c:506  _al_score_display_settings       [   0.05722] Score is : 769
display  D d:\Libraries\build\allegro\src\allegro-git\allegro-git\src\display_settings.c:191  debug_display_settings           [   0.05724] color: 16 (rgba 5650), depth: 24, stencil: 8, acc: 0000, samples: 0/0
display  D d:\Libraries\build\allegro\src\allegro-git\allegro-git\src\display_settings.c:506  _al_score_display_settings       [   0.05725] Score is : 769
display  D d:\Libraries\build\allegro\src\allegro-git\allegro-git\src\display_settings.c:191  debug_display_settings           [   0.05727] color: 16 (rgba 5650), depth: 24, stencil: 8, acc: 0000, samples: 0/0
display  D d:\Libraries\build\allegro\src\allegro-git\allegro-git\src\display_settings.c:506  _al_score_display_settings       [   0.05729] Score is : 769
display  D d:\Libraries\build\allegro\src\allegro-git\allegro-git\src\display_settings.c:191  debug_display_settings           [   0.05731] color: 16 (rgba 5650), depth: 24, stencil: 0, acc: 0000, samples: 0/0
display  D d:\Libraries\build\allegro\src\allegro-git\allegro-git\src\display_settings.c:506  _al_score_display_settings       [   0.05732] Score is : 769
display  D d:\Libraries\build\allegro\src\allegro-git\allegro-git\src\display_settings.c:191  debug_display_settings           [   0.05734] color: 16 (rgba 5650), depth: 24, stencil: 0, acc: 0000, samples: 0/0
display  D d:\Libraries\build\allegro\src\allegro-git\allegro-git\src\display_settings.c:506  _al_score_display_settings       [   0.05736] Score is : 769
display  D d:\Libraries\build\allegro\src\allegro-git\allegro-git\src\display_settings.c:191  debug_display_settings           [   0.05738] color: 16 (rgba 5650), depth: 16, stencil: 0, acc: 0000, samples: 0/0
display  D d:\Libraries\build\allegro\src\allegro-git\allegro-git\src\display_settings.c:506  _al_score_display_settings       [   0.05739] Score is : 769
display  D d:\Libraries\build\allegro\src\allegro-git\allegro-git\src\display_settings.c:191  debug_display_settings           [   0.05741] color: 16 (rgba 5650), depth: 16, stencil: 0, acc: 0000, samples: 0/0
display  D d:\Libraries\build\allegro\src\allegro-git\allegro-git\src\display_settings.c:506  _al_score_display_settings       [   0.05743] Score is : 769
display  D d:\Libraries\build\allegro\src\allegro-git\allegro-git\src\display_settings.c:191  debug_display_settings           [   0.05745] color: 32 (rgba 8880), depth: 0, stencil: 0, acc: 0000, samples: 0/0
display  D d:\Libraries\build\allegro\src\allegro-git\allegro-git\src\display_settings.c:377  _al_score_display_settings       [   0.05746] Single Buffer requirement not met.
display  D d:\Libraries\build\allegro\src\allegro-git\allegro-git\src\display_settings.c:191  debug_display_settings           [   0.05748] color: 32 (rgba 8880), depth: 0, stencil: 0, acc: 0000, samples: 0/0
display  D d:\Libraries\build\allegro\src\allegro-git\allegro-git\src\display_settings.c:377  _al_score_display_settings       [   0.05750] Single Buffer requirement not met.
display  D d:\Libraries\build\allegro\src\allegro-git\allegro-git\src\display_settings.c:191  debug_display_settings           [   0.05752] color: 32 (rgba 8880), depth: 24, stencil: 8, acc: 0000, samples: 0/0
display  D d:\Libraries\build\allegro\src\allegro-git\allegro-git\src\display_settings.c:377  _al_score_display_settings       [   0.05753] Single Buffer requirement not met.
display  D d:\Libraries\build\allegro\src\allegro-git\allegro-git\src\display_settings.c:191  debug_display_settings           [   0.05760] color: 32 (rgba 8880), depth: 24, stencil: 8, acc: 0000, samples: 0/0
display  D d:\Libraries\build\allegro\src\allegro-git\allegro-git\src\display_settings.c:377  _al_score_display_settings       [   0.05762] Single Buffer requirement not met.
display  D d:\Libraries\build\allegro\src\allegro-git\allegro-git\src\display_settings.c:191  debug_display_settings           [   0.05764] color: 32 (rgba 8880), depth: 24, stencil: 0, acc: 0000, samples: 0/0
display  D d:\Libraries\build\allegro\src\allegro-git\allegro-git\src\display_settings.c:377  _al_score_display_settings       [   0.05766] Single Buffer requirement not met.
display  D d:\Libraries\build\allegro\src\allegro-git\allegro-git\src\display_settings.c:191  debug_display_settings           [   0.05767] color: 32 (rgba 8880), depth: 24, stencil: 0, acc: 0000, samples: 0/0
display  D d:\Libraries\build\allegro\src\allegro-git\allegro-git\src\display_settings.c:377  _al_score_display_settings       [   0.05769] Single Buffer requirement not met.
display  D d:\Libraries\build\allegro\src\allegro-git\allegro-git\src\display_settings.c:191  debug_display_settings           [   0.05771] color: 32 (rgba 8880), depth: 16, stencil: 0, acc: 0000, samples: 0/0
display  D d:\Libraries\build\allegro\src\allegro-git\allegro-git\src\display_settings.c:377  _al_score_display_settings       [   0.05773] Single Buffer requirement not met.
display  D d:\Libraries\build\allegro\src\allegro-git\allegro-git\src\display_settings.c:191  debug_display_settings           [   0.05774] color: 32 (rgba 8880), depth: 16, stencil: 0, acc: 0000, samples: 0/0
display  D d:\Libraries\build\allegro\src\allegro-git\allegro-git\src\display_settings.c:377  _al_score_display_settings       [   0.05776] Single Buffer requirement not met.
display  D d:\Libraries\build\allegro\src\allegro-git\allegro-git\src\display_settings.c:191  debug_display_settings           [   0.05778] color: 16 (rgba 5650), depth: 0, stencil: 0, acc: 0000, samples: 0/0
display  D d:\Libraries\build\allegro\src\allegro-git\allegro-git\src\display_settings.c:377  _al_score_display_settings       [   0.05780] Single Buffer requirement not met.
display  D d:\Libraries\build\allegro\src\allegro-git\allegro-git\src\display_settings.c:191  debug_display_settings           [   0.05781] color: 16 (rgba 5650), depth: 0, stencil: 0, acc: 0000, samples: 0/0
display  D d:\Libraries\build\allegro\src\allegro-git\allegro-git\src\display_settings.c:377  _al_score_display_settings       [   0.05783] Single Buffer requirement not met.
display  D d:\Libraries\build\allegro\src\allegro-git\allegro-git\src\display_settings.c:191  debug_display_settings           [   0.05785] color: 16 (rgba 5650), depth: 24, stencil: 8, acc: 0000, samples: 0/0
display  D d:\Libraries\build\allegro\src\allegro-git\allegro-git\src\display_settings.c:377  _al_score_display_settings       [   0.05787] Single Buffer requirement not met.
display  D d:\Libraries\build\allegro\src\allegro-git\allegro-git\src\display_settings.c:191  debug_display_settings           [   0.05788] color: 16 (rgba 5650), depth: 24, stencil: 8, acc: 0000, samples: 0/0
display  D d:\Libraries\build\allegro\src\allegro-git\allegro-git\src\display_settings.c:377  _al_score_display_settings       [   0.05790] Single Buffer requirement not met.
display  D d:\Libraries\build\allegro\src\allegro-git\allegro-git\src\display_settings.c:191  debug_display_settings           [   0.05792] color: 16 (rgba 5650), depth: 24, stencil: 0, acc: 0000, samples: 0/0
display  D d:\Libraries\build\allegro\src\allegro-git\allegro-git\src\display_settings.c:377  _al_score_display_settings       [   0.05794] Single Buffer requirement not met.
display  D d:\Libraries\build\allegro\src\allegro-git\allegro-git\src\display_settings.c:191  debug_display_settings           [   0.05796] color: 16 (rgba 5650), depth: 24, stencil: 0, acc: 0000, samples: 0/0
display  D d:\Libraries\build\allegro\src\allegro-git\allegro-git\src\display_settings.c:377  _al_score_display_settings       [   0.05798] Single Buffer requirement not met.
display  D d:\Libraries\build\allegro\src\allegro-git\allegro-git\src\display_settings.c:191  debug_display_settings           [   0.05800] color: 16 (rgba 5650), depth: 16, stencil: 0, acc: 0000, samples: 0/0
display  D d:\Libraries\build\allegro\src\allegro-git\allegro-git\src\display_settings.c:377  _al_score_display_settings       [   0.05802] Single Buffer requirement not met.
display  D d:\Libraries\build\allegro\src\allegro-git\allegro-git\src\display_settings.c:191  debug_display_settings           [   0.05803] color: 16 (rgba 5650), depth: 16, stencil: 0, acc: 0000, samples: 0/0
display  D d:\Libraries\build\allegro\src\allegro-git\allegro-git\src\display_settings.c:377  _al_score_display_settings       [   0.05805] Single Buffer requirement not met.
d3d      D d:\Libraries\build\allegro\src\allegro-git\allegro-git\src\win\d3d_disp.cpp:1645 d3d_create_display_internals     [   0.05808] Trying format 0.
d3d      I d:\Libraries\build\allegro\src\allegro-git\allegro-git\src\win\d3d_disp.cpp:1326 d3d_display_thread_proc          [   0.06616] Chose a display format: 23
d3d      I d:\Libraries\build\allegro\src\allegro-git\allegro-git\src\win\d3d_disp.cpp:1395 d3d_display_thread_proc          [   0.06644] Normal window.
d3d      I d:\Libraries\build\allegro\src\allegro-git\allegro-git\src\win\d3d_disp.cpp:801  d3d_create_device                [   0.09535] Using no depth stencil buffer
d3d      D d:\Libraries\build\allegro\src\allegro-git\allegro-git\src\win\d3d_disp.cpp:866  d3d_create_device                [   0.17443] BeginScene succeeded in create_device
d3d      D d:\Libraries\build\allegro\src\allegro-git\allegro-git\src\win\d3d_disp.cpp:874  d3d_create_device                [   0.17449] Success
d3d      D d:\Libraries\build\allegro\src\allegro-git\allegro-git\src\win\d3d_disp.cpp:1668 d3d_create_display_internals     [   0.17454] Resumed after wait.
d3d      I d:\Libraries\build\allegro\src\allegro-git\allegro-git\src\win\d3d_disp.cpp:1701 d3d_create_display_internals     [   0.17458] Format 0 succeeded.
d3d      D d:\Libraries\build\allegro\src\allegro-git\allegro-git\src\win\d3d_disp.cpp:1724 d3d_create_display_internals     [   0.17461] Returning d3d_display: 0074C160
d3d      D d:\Libraries\build\allegro\src\allegro-git\allegro-git\src\win\d3d_disp.cpp:1749 d3d_create_display_locked        [   0.17463] al_display=0074C160
d3d      D d:\Libraries\build\allegro\src\allegro-git\allegro-git\src\win\d3d_disp.cpp:1750 d3d_create_display_locked        [   0.17465] al_display->vt=0074C0D0
d3d      D d:\Libraries\build\allegro\src\allegro-git\allegro-git\src\win\d3d_disp.cpp:1166 real_choose_bitmap_format        [   0.17855] Fake format
d3d      D d:\Libraries\build\allegro\src\allegro-git\allegro-git\src\win\d3d_disp.cpp:1166 real_choose_bitmap_format        [   0.17858] Fake format
d3d      D d:\Libraries\build\allegro\src\allegro-git\allegro-git\src\win\d3d_disp.cpp:1166 real_choose_bitmap_format        [   0.17860] Fake format
d3d      D d:\Libraries\build\allegro\src\allegro-git\allegro-git\src\win\d3d_disp.cpp:1166 real_choose_bitmap_format        [   0.17861] Fake format
d3d      D d:\Libraries\build\allegro\src\allegro-git\allegro-git\src\win\d3d_disp.cpp:1166 real_choose_bitmap_format        [   0.17863] Fake format
d3d      D d:\Libraries\build\allegro\src\allegro-git\allegro-git\src\win\d3d_disp.cpp:1166 real_choose_bitmap_format        [   0.17865] Fake format
d3d      D d:\Libraries\build\allegro\src\allegro-git\allegro-git\src\win\d3d_disp.cpp:1166 real_choose_bitmap_format        [   0.17866] Fake format
d3d      D d:\Libraries\build\allegro\src\allegro-git\allegro-git\src\win\d3d_disp.cpp:1166 real_choose_bitmap_format        [   0.17868] Fake format
d3d      D d:\Libraries\build\allegro\src\allegro-git\allegro-git\src\win\d3d_disp.cpp:1166 real_choose_bitmap_format        [   0.17869] Fake format
d3d      D d:\Libraries\build\allegro\src\allegro-git\allegro-git\src\win\d3d_disp.cpp:1174 real_choose_bitmap_format        [   0.17872] Alpha doesn't match
d3d      D d:\Libraries\build\allegro\src\allegro-git\allegro-git\src\win\d3d_disp.cpp:1181 real_choose_bitmap_format        [   0.17874] Adapter format is 23
d3d      D d:\Libraries\build\allegro\src\allegro-git\allegro-git\src\win\d3d_disp.cpp:1184 real_choose_bitmap_format        [   0.17876] Found a format
d3d      I d:\Libraries\build\allegro\src\allegro-git\allegro-git\src\win\d3d_disp.cpp:2283 _al_d3d_create_bitmap            [   0.17878] Chose bitmap format 9
dtor     D d:\Libraries\build\allegro\src\allegro-git\allegro-git\src\dtor.c:184  _al_register_destructor          [   0.17943] added dtor for object 02A5D7E0, func 6396DCCE
d3d      D d:\Libraries\build\allegro\src\allegro-git\allegro-git\src\win\d3d_bmp.cpp:467  _al_d3d_sync_bitmap              [   0.18566] _al_d3d_sync_bitmap (system) ref count == 1
d3d      D d:\Libraries\build\allegro\src\allegro-git\allegro-git\src\win\d3d_bmp.cpp:473  _al_d3d_sync_bitmap              [   0.18572] _al_d3d_sync_bitmap (video) ref count == 1
font     D d:\Libraries\build\allegro\src\allegro-git\allegro-git\addons\ttf\ttf.c:792  al_load_ttf_font_stretch_f       [   0.19218] Font arial.ttf loaded with pixel size 0 x 30.
font     D d:\Libraries\build\allegro\src\allegro-git\allegro-git\addons\ttf\ttf.c:794  al_load_ttf_font_stretch_f       [   0.19222]     ascent=27.0, descent=-6.0, height=35.0
dtor     D d:\Libraries\build\allegro\src\allegro-git\allegro-git\src\dtor.c:184  _al_register_destructor          [   0.19224] added dtor for object 0074ECC8, func 63957AE5
d3d      D d:\Libraries\build\allegro\src\allegro-git\allegro-git\src\win\d3d_disp.cpp:1166 real_choose_bitmap_format        [   0.19398] Fake format
d3d      D d:\Libraries\build\allegro\src\allegro-git\allegro-git\src\win\d3d_disp.cpp:1166 real_choose_bitmap_format        [   0.19401] Fake format
d3d      D d:\Libraries\build\allegro\src\allegro-git\allegro-git\src\win\d3d_disp.cpp:1166 real_choose_bitmap_format        [   0.19404] Fake format
d3d      D d:\Libraries\build\allegro\src\allegro-git\allegro-git\src\win\d3d_disp.cpp:1166 real_choose_bitmap_format        [   0.19405] Fake format
d3d      D d:\Libraries\build\allegro\src\allegro-git\allegro-git\src\win\d3d_disp.cpp:1166 real_choose_bitmap_format        [   0.19407] Fake format
d3d      D d:\Libraries\build\allegro\src\allegro-git\allegro-git\src\win\d3d_disp.cpp:1166 real_choose_bitmap_format        [   0.19409] Fake format
d3d      D d:\Libraries\build\allegro\src\allegro-git\allegro-git\src\win\d3d_disp.cpp:1166 real_choose_bitmap_format        [   0.19410] Fake format
d3d      D d:\Libraries\build\allegro\src\allegro-git\allegro-git\src\win\d3d_disp.cpp:1166 real_choose_bitmap_format        [   0.19412] Fake format
d3d      D d:\Libraries\build\allegro\src\allegro-git\allegro-git\src\win\d3d_disp.cpp:1166 real_choose_bitmap_format        [   0.19413] Fake format
d3d      D d:\Libraries\build\allegro\src\allegro-git\allegro-git\src\win\d3d_disp.cpp:1174 real_choose_bitmap_format        [   0.19415] Alpha doesn't match
d3d      D d:\Libraries\build\allegro\src\allegro-git\allegro-git\src\win\d3d_disp.cpp:1181 real_choose_bitmap_format        [   0.19417] Adapter format is 23
d3d      D d:\Libraries\build\allegro\src\allegro-git\allegro-git\src\win\d3d_disp.cpp:1184 real_choose_bitmap_format        [   0.19418] Found a format
d3d      I d:\Libraries\build\allegro\src\allegro-git\allegro-git\src\win\d3d_disp.cpp:2283 _al_d3d_create_bitmap            [   0.19420] Chose bitmap format 9
font     D d:\Libraries\build\allegro\src\allegro-git\allegro-git\addons\ttf\ttf.c:217  alloc_glyph_region               [   0.19589] Glyph 73: 12x24 (12x24)
d3d      D d:\Libraries\build\allegro\src\allegro-git\allegro-git\src\win\d3d_bmp.cpp:467  _al_d3d_sync_bitmap              [   0.21814] _al_d3d_sync_bitmap (system) ref count == 1
d3d      D d:\Libraries\build\allegro\src\allegro-git\allegro-git\src\win\d3d_bmp.cpp:473  _al_d3d_sync_bitmap              [   0.21822] _al_d3d_sync_bitmap (video) ref count == 2
font     D d:\Libraries\build\allegro\src\allegro-git\allegro-git\addons\ttf\ttf.c:217  alloc_glyph_region               [   0.22534] Glyph 82: 16x18 (16x20)
d3d      D d:\Libraries\build\allegro\src\allegro-git\allegro-git\src\win\d3d_bmp.cpp:467  _al_d3d_sync_bitmap              [   0.22559] _al_d3d_sync_bitmap (system) ref count == 1
d3d      D d:\Libraries\build\allegro\src\allegro-git\allegro-git\src\win\d3d_bmp.cpp:473  _al_d3d_sync_bitmap              [   0.22561] _al_d3d_sync_bitmap (video) ref count == 2
font     D d:\Libraries\build\allegro\src\allegro-git\allegro-git\addons\ttf\ttf.c:217  alloc_glyph_region               [   0.22757] Glyph 87: 10x24 (12x24)
d3d      D d:\Libraries\build\allegro\src\allegro-git\allegro-git\src\win\d3d_bmp.cpp:467  _al_d3d_sync_bitmap              [   0.22775] _al_d3d_sync_bitmap (system) ref count == 1
d3d      D d:\Libraries\build\allegro\src\allegro-git\allegro-git\src\win\d3d_bmp.cpp:473  _al_d3d_sync_bitmap              [   0.22777] _al_d3d_sync_bitmap (video) ref count == 2
font     D d:\Libraries\build\allegro\src\allegro-git\allegro-git\addons\ttf\ttf.c:406  cache_glyph                      [   0.22862] Glyph 3 has zero size.
font     D d:\Libraries\build\allegro\src\allegro-git\allegro-git\addons\ttf\ttf.c:217  alloc_glyph_region               [   0.22873] Glyph 20: 10x24 (12x24)
d3d      D d:\Libraries\build\allegro\src\allegro-git\allegro-git\src\win\d3d_bmp.cpp:467  _al_d3d_sync_bitmap              [   0.22886] _al_d3d_sync_bitmap (system) ref count == 1
d3d      D d:\Libraries\build\allegro\src\allegro-git\allegro-git\src\win\d3d_bmp.cpp:473  _al_d3d_sync_bitmap              [   0.22888] _al_d3d_sync_bitmap (video) ref count == 2
d3d      D d:\Libraries\build\allegro\src\allegro-git\allegro-git\src\win\d3d_bmp.cpp:467  _al_d3d_sync_bitmap              [   0.24153] _al_d3d_sync_bitmap (system) ref count == 1
d3d      D d:\Libraries\build\allegro\src\allegro-git\allegro-git\src\win\d3d_bmp.cpp:473  _al_d3d_sync_bitmap              [   0.24160] _al_d3d_sync_bitmap (video) ref count == 1
d3d      D d:\Libraries\build\allegro\src\allegro-git\allegro-git\src\win\d3d_bmp.cpp:467  _al_d3d_sync_bitmap              [   0.24255] _al_d3d_sync_bitmap (system) ref count == 1
d3d      D d:\Libraries\build\allegro\src\allegro-git\allegro-git\src\win\d3d_bmp.cpp:473  _al_d3d_sync_bitmap              [   0.24258] _al_d3d_sync_bitmap (video) ref count == 2
font     D d:\Libraries\build\allegro\src\allegro-git\allegro-git\addons\ttf\ttf.c:217  alloc_glyph_region               [   2.24479] Glyph 21: 17x24 (20x24)
d3d      D d:\Libraries\build\allegro\src\allegro-git\allegro-git\src\win\d3d_bmp.cpp:467  _al_d3d_sync_bitmap              [   2.24492] _al_d3d_sync_bitmap (system) ref count == 1
d3d      D d:\Libraries\build\allegro\src\allegro-git\allegro-git\src\win\d3d_bmp.cpp:473  _al_d3d_sync_bitmap              [   2.24500] _al_d3d_sync_bitmap (video) ref count == 2
d3d      D d:\Libraries\build\allegro\src\allegro-git\allegro-git\src\win\d3d_bmp.cpp:467  _al_d3d_sync_bitmap              [   2.24922] _al_d3d_sync_bitmap (system) ref count == 1
d3d      D d:\Libraries\build\allegro\src\allegro-git\allegro-git\src\win\d3d_bmp.cpp:473  _al_d3d_sync_bitmap              [   2.24933] _al_d3d_sync_bitmap (video) ref count == 2
font     D d:\Libraries\build\allegro\src\allegro-git\allegro-git\addons\ttf\ttf.c:217  alloc_glyph_region               [   4.25138] Glyph 22: 17x24 (20x24)
d3d      D d:\Libraries\build\allegro\src\allegro-git\allegro-git\src\win\d3d_bmp.cpp:467  _al_d3d_sync_bitmap              [   4.25155] _al_d3d_sync_bitmap (system) ref count == 1
d3d      D d:\Libraries\build\allegro\src\allegro-git\allegro-git\src\win\d3d_bmp.cpp:473  _al_d3d_sync_bitmap              [   4.25160] _al_d3d_sync_bitmap (video) ref count == 2
d3d      D d:\Libraries\build\allegro\src\allegro-git\allegro-git\src\win\d3d_bmp.cpp:467  _al_d3d_sync_bitmap              [   4.25545] _al_d3d_sync_bitmap (system) ref count == 1
d3d      D d:\Libraries\build\allegro\src\allegro-git\allegro-git\src\win\d3d_bmp.cpp:473  _al_d3d_sync_bitmap              [   4.25553] _al_d3d_sync_bitmap (video) ref count == 2
font     D d:\Libraries\build\allegro\src\allegro-git\allegro-git\addons\ttf\ttf.c:217  alloc_glyph_region               [   6.25717] Glyph 23: 17x24 (20x24)
d3d      D d:\Libraries\build\allegro\src\allegro-git\allegro-git\src\win\d3d_bmp.cpp:467  _al_d3d_sync_bitmap              [   6.25733] _al_d3d_sync_bitmap (system) ref count == 1
d3d      D d:\Libraries\build\allegro\src\allegro-git\allegro-git\src\win\d3d_bmp.cpp:473  _al_d3d_sync_bitmap              [   6.25739] _al_d3d_sync_bitmap (video) ref count == 2
d3d      D d:\Libraries\build\allegro\src\allegro-git\allegro-git\src\win\d3d_bmp.cpp:467  _al_d3d_sync_bitmap              [   6.26137] _al_d3d_sync_bitmap (system) ref count == 1
d3d      D d:\Libraries\build\allegro\src\allegro-git\allegro-git\src\win\d3d_bmp.cpp:473  _al_d3d_sync_bitmap              [   6.26147] _al_d3d_sync_bitmap (video) ref count == 2
dtor     D d:\Libraries\build\allegro\src\allegro-git\allegro-git\src\dtor.c:214  _al_unregister_destructor        [   8.26348] removed dtor for object 02A5D7E0
dtor     D d:\Libraries\build\allegro\src\allegro-git\allegro-git\src\dtor.c:214  _al_unregister_destructor        [   8.26426] removed dtor for object 0074ECC8
d3d      W d:\Libraries\build\allegro\src\allegro-git\allegro-git\src\win\d3d_bmp.cpp:743  d3d_destroy_bitmap               [   8.26457] d3d_destroy_bitmap: Release video texture failed.
d3d      I d:\Libraries\build\allegro\src\allegro-git\allegro-git\src\win\d3d_disp.cpp:921  d3d_destroy_display              [   8.26496] destroying display 0074C160 (current 00000000)
d3d      D d:\Libraries\build\allegro\src\allegro-git\allegro-git\src\win\d3d_disp.cpp:905  d3d_destroy_display_internals    [   8.26508] waiting for display 0074C160's thread to end
d3d      W d:\Libraries\build\allegro\src\allegro-git\allegro-git\src\win\d3d_disp.cpp:617  d3d_destroy_device               [   8.31928] d3d_destroy_device: ref count not 0
d3d      I d:\Libraries\build\allegro\src\allegro-git\allegro-git\src\win\d3d_disp.cpp:1527 d3d_display_thread_proc          [   8.33046] d3d display thread exits
